2018-05-04 12:35:32,426 - album_fetcher - INFO - album_fetcher started
2018-05-04 16:34:29,017 - album_fetcher - INFO - album_fetcher started
2018-05-04 17:04:01,117 - album_fetcher - INFO - album_fetcher started
2018-05-04 17:05:26,618 - album_fetcher - INFO - album_fetcher started
2018-05-04 17:06:21,101 - album_fetcher - INFO - album_fetcher started
2018-05-04 17:07:56,051 - album_fetcher - INFO - album_fetcher started
2018-05-04 17:08:05,301 - album_fetcher - INFO - album_fetcher started
2018-05-04 17:08:05,301 - album_fetcher - INFO - required parameter PATH not passed. abort
2018-05-04 17:09:39,950 - album_fetcher - INFO - album_fetcher started
2018-05-04 17:10:51,354 - album_fetcher - INFO - album_fetcher started
2018-05-04 17:10:51,355 - album_fetcher - INFO - Verbose mode activated
2018-05-04 17:11:08,584 - album_fetcher - INFO - album_fetcher started
2018-05-04 18:09:59,151 - album_fetcher - INFO - album_fetcher started
2018-05-04 18:11:00,530 - album_fetcher - INFO - album_fetcher started
2018-05-04 18:11:43,161 - album_fetcher - INFO - album_fetcher started
2018-05-04 18:12:33,257 - album_fetcher - INFO - album_fetcher started
2018-05-04 18:14:22,567 - album_fetcher - INFO - album_fetcher started
2018-05-08 14:46:08,357 - album_fetcher - INFO - album_fetcher started
2018-05-08 14:46:08,358 - album_fetcher - INFO - required parameter PATH not passed. abort
2018-05-08 14:50:07,487 - album_fetcher - INFO - album_fetcher started
2018-05-08 14:52:49,103 - album_fetcher - INFO - album_fetcher started
2018-05-08 14:53:52,036 - album_fetcher - INFO - album_fetcher started
2018-05-08 14:53:52,036 - album_fetcher - INFO - Verbose mode activated
2018-05-08 14:55:15,953 - album_fetcher - INFO - album_fetcher started
2018-05-08 14:55:15,953 - album_fetcher - INFO - Verbose mode activated
2018-05-08 14:55:49,920 - album_fetcher - INFO - album_fetcher started
2018-05-08 14:55:49,920 - album_fetcher - INFO - Verbose mode activated
2018-05-08 14:55:49,920 - album_fetcher - INFO - Running in the folder: questopath
2018-05-08 14:56:33,076 - album_fetcher - INFO - album_fetcher started
2018-05-08 14:56:33,077 - album_fetcher - INFO - Verbose mode activated
2018-05-08 14:56:33,077 - album_fetcher - INFO - Running in the folder: questopath
2018-05-08 14:56:33,077 - album_fetcher - INFO - Found file: ['SampleAudio_0.7mb.mp3']
2018-05-08 14:56:33,077 - album_fetcher - INFO - Found file: ['SampleAudio_0.7mb.mp3']
2018-05-08 14:59:01,486 - album_fetcher - INFO - album_fetcher started
2018-05-08 14:59:01,486 - album_fetcher - INFO - Verbose mode activated
2018-05-08 14:59:01,486 - album_fetcher - INFO - Running in the folder: questopath
2018-05-08 14:59:01,486 - album_fetcher - INFO - Found file: C:\Users\Andrea\PycharmProjects\AlbumFetcher\data\['test']\['SampleAudio_0.7mb.mp3']
2018-05-08 14:59:01,486 - album_fetcher - INFO - Found file: C:\Users\Andrea\PycharmProjects\AlbumFetcher\data\test\[]\['SampleAudio_0.7mb.mp3']
2018-05-08 14:59:45,920 - album_fetcher - INFO - album_fetcher started
2018-05-08 14:59:45,920 - album_fetcher - INFO - Verbose mode activated
2018-05-08 14:59:45,920 - album_fetcher - INFO - Running in the folder: questopath
2018-05-08 14:59:45,920 - album_fetcher - INFO - Found file: C:\Users\Andrea\PycharmProjects\AlbumFetcher\data\['test']\['SampleAudio_0.7mb.mp3']
2018-05-08 14:59:45,920 - album_fetcher - INFO - Found file: C:\Users\Andrea\PycharmProjects\AlbumFetcher\data\test\[]\['SampleAudio_0.7mb.mp3']
2018-05-08 14:59:50,920 - album_fetcher - INFO - album_fetcher started
2018-05-08 14:59:50,920 - album_fetcher - INFO - Verbose mode activated
2018-05-08 14:59:50,920 - album_fetcher - INFO - Running in the folder: questopath
2018-05-08 14:59:50,920 - album_fetcher - INFO - Found file: C:\Users\Andrea\PycharmProjects\AlbumFetcher\data\['test']\['SampleAudio_0.7mb.mp3']
2018-05-08 14:59:50,920 - album_fetcher - INFO - Found file: C:\Users\Andrea\PycharmProjects\AlbumFetcher\data\test\[]\['SampleAudio_0.7mb.mp3']
2018-05-08 15:06:23,886 - album_fetcher - INFO - album_fetcher started
2018-05-08 15:06:23,886 - album_fetcher - INFO - Verbose mode activated
2018-05-08 15:06:23,886 - album_fetcher - INFO - Running in the folder: questopath
2018-05-08 15:07:37,503 - album_fetcher - INFO - album_fetcher started
2018-05-08 15:07:37,503 - album_fetcher - INFO - Verbose mode activated
2018-05-08 15:07:37,503 - album_fetcher - INFO - Running in the folder: questopath
2018-05-08 15:08:20,153 - album_fetcher - INFO - album_fetcher started
2018-05-08 15:08:20,153 - album_fetcher - INFO - Verbose mode activated
2018-05-08 15:08:20,153 - album_fetcher - INFO - Running in the folder: questopath
2018-05-08 15:09:05,253 - album_fetcher - INFO - album_fetcher started
2018-05-08 15:09:05,253 - album_fetcher - INFO - Verbose mode activated
2018-05-08 15:09:05,253 - album_fetcher - INFO - Running in the folder: questopath
2018-05-08 15:09:21,687 - album_fetcher - INFO - Found file: C\test\SampleAudio_0.7mb.mp3
2018-05-08 15:10:30,954 - album_fetcher - INFO - album_fetcher started
2018-05-08 15:10:30,954 - album_fetcher - INFO - Verbose mode activated
2018-05-08 15:10:30,954 - album_fetcher - INFO - Running in the folder: questopath
2018-05-08 15:10:30,954 - album_fetcher - INFO - Found file: SampleAudio_0.7mb.mp3
2018-05-08 15:10:30,954 - album_fetcher - INFO - Found file: SampleAudio_0.7mb.mp3
2018-05-08 15:11:01,570 - album_fetcher - INFO - album_fetcher started
2018-05-08 15:11:01,570 - album_fetcher - INFO - Verbose mode activated
2018-05-08 15:11:01,570 - album_fetcher - INFO - Running in the folder: questopath
2018-05-08 15:12:01,020 - album_fetcher - INFO - album_fetcher started
2018-05-08 15:12:01,020 - album_fetcher - INFO - Verbose mode activated
2018-05-08 15:12:01,020 - album_fetcher - INFO - Running in the folder: questopath
2018-05-08 15:12:01,020 - album_fetcher - INFO - Found file: C:\Users\Andrea\PycharmProjects\AlbumFetcher\data in test\SampleAudio_0.7mb.mp3
2018-05-08 15:12:14,870 - album_fetcher - INFO - album_fetcher started
2018-05-08 15:12:14,870 - album_fetcher - INFO - Verbose mode activated
2018-05-08 15:12:14,870 - album_fetcher - INFO - Running in the folder: questopath
2018-05-08 15:12:27,929 - album_fetcher - INFO - Found file: C:\Users\Andrea\PycharmProjects\AlbumFetcher\data in test\SampleAudio_0.7mb.mp3
2018-05-08 15:13:17,970 - album_fetcher - INFO - album_fetcher started
2018-05-08 15:13:17,970 - album_fetcher - INFO - Verbose mode activated
2018-05-08 15:13:17,970 - album_fetcher - INFO - Running in the folder: questopath
2018-05-08 15:13:17,970 - album_fetcher - INFO - Found file: SampleAudio_0.7mb.mp3 in C:\Users\Andrea\PycharmProjects\AlbumFetcher\data
2018-05-08 15:13:17,970 - album_fetcher - INFO - Found file: SampleAudio_0.7mb.mp3 in C:\Users\Andrea\PycharmProjects\AlbumFetcher\data\test
2018-05-09 18:57:44,906 - album_fetcher - INFO - album_fetcher started
2018-05-09 18:57:44,906 - album_fetcher - INFO - Found file: SampleAudio_0.7mb.mp3 in /home/andrea/PycharmProjects/AlbumFetcher/data
2018-05-09 18:57:44,906 - album_fetcher - INFO - Found file: SampleAudio_0.7mb.mp3 in /home/andrea/PycharmProjects/AlbumFetcher/data/test
2018-05-09 18:59:57,562 - album_fetcher - INFO - album_fetcher started
2018-05-09 18:59:57,562 - album_fetcher - INFO - Verbose mode activated
2018-05-09 18:59:57,562 - album_fetcher - INFO - Running in the folder: test
2018-05-09 18:59:57,563 - album_fetcher - INFO - Found file: SampleAudio_0.7mb.mp3 in /home/andrea/PycharmProjects/AlbumFetcher/data
2018-05-09 18:59:57,563 - album_fetcher - INFO - Found file: SampleAudio_0.7mb.mp3 in /home/andrea/PycharmProjects/AlbumFetcher/data/test
2018-05-09 19:00:58,402 - album_fetcher - INFO - album_fetcher started
2018-05-09 19:00:58,402 - album_fetcher - INFO - Verbose mode activated
2018-05-09 19:00:58,402 - album_fetcher - INFO - Running in the folder: /media/nas/music
2018-05-09 19:00:58,402 - album_fetcher - INFO - Found file: SampleAudio_0.7mb.mp3 in /home/andrea/PycharmProjects/AlbumFetcher/data
2018-05-09 19:00:58,403 - album_fetcher - INFO - Found file: SampleAudio_0.7mb.mp3 in /home/andrea/PycharmProjects/AlbumFetcher/data/test
2018-05-09 19:01:49,671 - album_fetcher - INFO - album_fetcher started
2018-05-09 19:01:49,672 - album_fetcher - INFO - Verbose mode activated
2018-05-09 19:01:49,672 - album_fetcher - INFO - Running in the folder: /media/nas/music
2018-05-09 19:02:25,817 - album_fetcher - INFO - album_fetcher started
2018-05-09 19:02:25,819 - album_fetcher - INFO - Verbose mode activated
2018-05-09 19:02:25,820 - album_fetcher - INFO - Running in the folder: /media/nas/music
2018-05-09 19:08:09,516 - album_fetcher - INFO - album_fetcher started
2018-05-09 19:08:09,516 - album_fetcher - INFO - Verbose mode activated
2018-05-09 19:08:09,516 - album_fetcher - INFO - Running in the folder: /media/nas/music
2018-05-09 19:08:46,965 - album_fetcher - INFO - album_fetcher started
2018-05-09 19:08:46,966 - album_fetcher - INFO - Verbose mode activated
2018-05-09 19:08:46,967 - album_fetcher - INFO - Running in the folder: /media/nas/music
2018-05-09 19:11:44,414 - album_fetcher - INFO - album_fetcher started
2018-05-09 19:11:44,414 - album_fetcher - INFO - Verbose mode activated
2018-05-09 19:11:44,415 - album_fetcher - INFO - Running in the folder: /media/nas/music/Hole
2018-05-09 19:11:44,425 - album_fetcher - INFO - Found file: 01 - Celebrity Skin.mp3 in /media/nas/music/Hole/Celebrity Skin
2018-05-09 19:11:44,426 - album_fetcher - INFO - Found file: 02 - Awful.mp3 in /media/nas/music/Hole/Celebrity Skin
2018-05-09 19:11:44,426 - album_fetcher - INFO - Found file: 03 - Hit So Hard.mp3 in /media/nas/music/Hole/Celebrity Skin
2018-05-09 19:11:44,426 - album_fetcher - INFO - Found file: 04 - Malibu.mp3 in /media/nas/music/Hole/Celebrity Skin
2018-05-09 19:11:44,426 - album_fetcher - INFO - Found file: 05 - Reasons To Be Beautiful.mp3 in /media/nas/music/Hole/Celebrity Skin
2018-05-09 19:11:44,426 - album_fetcher - INFO - Found file: 06 - Dying.mp3 in /media/nas/music/Hole/Celebrity Skin
2018-05-09 19:11:44,427 - album_fetcher - INFO - Found file: 07 - Use Once & Destroy.mp3 in /media/nas/music/Hole/Celebrity Skin
2018-05-09 19:11:44,427 - album_fetcher - INFO - Found file: 08 - Northern Star.mp3 in /media/nas/music/Hole/Celebrity Skin
2018-05-09 19:11:44,427 - album_fetcher - INFO - Found file: 09 - Boys On The Radio.mp3 in /media/nas/music/Hole/Celebrity Skin
2018-05-09 19:11:44,427 - album_fetcher - INFO - Found file: 10 - Heaven Tonight.mp3 in /media/nas/music/Hole/Celebrity Skin
2018-05-09 19:11:44,427 - album_fetcher - INFO - Found file: 11 - Playing Your Song.mp3 in /media/nas/music/Hole/Celebrity Skin
2018-05-09 19:11:44,427 - album_fetcher - INFO - Found file: 12 - Petals.mp3 in /media/nas/music/Hole/Celebrity Skin
2018-05-09 19:11:44,432 - album_fetcher - INFO - Found file: 01 - violet.mp3 in /media/nas/music/Hole/Live Through This
2018-05-09 19:11:44,432 - album_fetcher - INFO - Found file: 02 - miss world.mp3 in /media/nas/music/Hole/Live Through This
2018-05-09 19:11:44,432 - album_fetcher - INFO - Found file: 03 - plump.mp3 in /media/nas/music/Hole/Live Through This
2018-05-09 19:11:44,432 - album_fetcher - INFO - Found file: 04 - asking for it.mp3 in /media/nas/music/Hole/Live Through This
2018-05-09 19:11:44,432 - album_fetcher - INFO - Found file: 05 - jennifer's body.mp3 in /media/nas/music/Hole/Live Through This
2018-05-09 19:11:44,433 - album_fetcher - INFO - Found file: 06 - doll parts.mp3 in /media/nas/music/Hole/Live Through This
2018-05-09 19:11:44,433 - album_fetcher - INFO - Found file: 07 - credit in the straight world.mp3 in /media/nas/music/Hole/Live Through This
2018-05-09 19:11:44,433 - album_fetcher - INFO - Found file: 08 - softer, softest.mp3 in /media/nas/music/Hole/Live Through This
2018-05-09 19:11:44,433 - album_fetcher - INFO - Found file: 09 - she walks on me.mp3 in /media/nas/music/Hole/Live Through This
2018-05-09 19:11:44,433 - album_fetcher - INFO - Found file: 10 - i think that i would die.mp3 in /media/nas/music/Hole/Live Through This
2018-05-09 19:11:44,433 - album_fetcher - INFO - Found file: 11 - gutless.mp3 in /media/nas/music/Hole/Live Through This
2018-05-09 19:11:44,433 - album_fetcher - INFO - Found file: 12 - rock star.mp3 in /media/nas/music/Hole/Live Through This
2018-05-09 19:15:08,857 - album_fetcher - INFO - album_fetcher started
2018-05-09 19:15:08,857 - album_fetcher - INFO - Verbose mode activated
2018-05-09 19:15:08,857 - album_fetcher - INFO - Running in the folder: /media/nas/music/Hole
2018-05-09 19:15:08,912 - album_fetcher - INFO - Found file: 01 - Celebrity Skin.mp3 in /media/nas/music/Hole/Celebrity Skin
2018-05-09 19:15:09,127 - album_fetcher - INFO - Song info: {'SCRIPT': ['Latn'], 'MUSICBRAINZ_ARTISTID': ['1dcc8968-f2cd-441c-beda-6270f70f2863'], 'ARTIST': ['Hole'], 'CATALOGNUMBER': ['DGCD-25164'], 'MUSICBRAINZ_TRACKID': ['6c5404a1-fcb3-4fb9-bd74-ca960cb32bbf'], 'BARCODE': ['720642516423'], 'ALBUM': ['Celebrity Skin'], 'MUSICBRAINZ_ALBUMARTISTID': ['1dcc8968-f2cd-441c-beda-6270f70f2863'], 'ARTISTSORT': ['Hole'], 'MEDIA': ['CD'], 'LABEL': ['DGC Records'], 'ALBUMARTIST': ['Hole'], 'MUSICBRAINZ RELEASE TRACK ID': ['d7aa9da3-12b4-343a-b95c-22f9cddd1fe8'], 'ORIGINALDATE': ['1998'], 'ALBUMARTISTSORT': ['Hole'], 'DATE': ['1998-09-08'], 'LYRICIST': ['Courtney Love'], 'GENRE': ['Grunge'], 'MUSICBRAINZ ALBUM TYPE': ['album'], 'TITLE': ['Celebrity Skin'], 'LYRICS': ["Oh, make me over \r\nI'm all I want to be\r\nA walking study \r\nIn demonology\r\n\r\nHey, so glad you could make it\r\nYeah, now, you really made it\r\nHey, so glad you could make it, now!\r\n\r\nOh, look at my face \r\nMy name is Might-have-been\r\nMy name is Never-was \r\nMy name's Forgotten\r\n\r\nHey, so glad you could make it\r\nYeah, now you really made it\r\nHey, there's only us left now!\r\n\r\nWhen I wake up in my makeup\r\nIt's too early for that dress\r\nWilted and faded somewhere in Hollywood\r\nI'm glad I came here with your pound of flesh\r\nNo second billing cause you're a star, now\r\nOh, Cinderella, they aren't sluts like you\r\nBeautiful garbage, beautiful dresses\r\nCan you stand up, or, will you just fall down?\r\n\r\nYou better watch out\r\nWhat you wish for\r\nIt better be worth it\r\nSo much to die for\r\n\r\nHey, so glad you could make it\r\nYeah, now you really made it\r\nHey, there's only us left now!\r\n\r\nWhen I wake up in my makeup\r\nHave you ever felt so used-up as this?\r\nIt's all so sugarless, Hooker/Waitress\r\nModel/Actress... oh, just go nameless\r\nHoneysuckle, she's full of poison\r\nShe obliterated everything she kissed\r\nNow she's fading, somewhere in Hollywood\r\nI'm glad I came here with your pound of flesh\r\n\r\nYou want a part of me?\r\nWell, I'm not selling cheap\r\nNo, I'm not selling cheap\r\n"], 'TRACKNUMBER': ['1/12'], 'ISRC': ['USGF19816401'], 'MUSICBRAINZ_RELEASEGROUPID': ['bdf37fad-7332-3efb-8e7e-073d1c756c7e'], 'MUSICBRAINZ ALBUM RELEASE COUNTRY': ['US'], 'ARTISTS': ['Hole'], 'MUSICBRAINZ ALBUM STATUS': ['official'], 'ASIN': ['B00000AFWW'], 'MUSICBRAINZ_ALBUMID': ['4d7f5ee8-f4fc-49b2-bc4a-cc675d8eb1f2'], 'ORIGINALYEAR': ['1998'], 'DISCNUMBER': ['1/1'], 'ACOUSTID_ID': ['2f91272b-2965-42ec-8a5d-7be4ee557100']}
2018-05-09 19:15:09,128 - album_fetcher - INFO - Found file: 02 - Awful.mp3 in /media/nas/music/Hole/Celebrity Skin
2018-05-09 19:15:09,199 - album_fetcher - INFO - Song info: {'SCRIPT': ['Latn'], 'MUSICBRAINZ_ARTISTID': ['1dcc8968-f2cd-441c-beda-6270f70f2863'], 'ARTIST': ['Hole'], 'CATALOGNUMBER': ['DGCD-25164'], 'MUSICBRAINZ_TRACKID': ['9206efc3-6f86-4ab5-9b7a-be90a774ecf0'], 'BARCODE': ['720642516423'], 'ALBUM': ['Celebrity Skin'], 'MUSICBRAINZ_ALBUMARTISTID': ['1dcc8968-f2cd-441c-beda-6270f70f2863'], 'ARTISTSORT': ['Hole'], 'MEDIA': ['CD'], 'LABEL': ['DGC Records'], 'ALBUMARTIST': ['Hole'], 'MUSICBRAINZ RELEASE TRACK ID': ['45b42db8-d248-3151-bdc5-d0cfc5cbbf60'], 'ORIGINALDATE': ['1998'], 'ALBUMARTISTSORT': ['Hole'], 'DATE': ['1998-09-08'], 'LYRICIST': ['Courtney Love'], 'GENRE': ['Grunge'], 'MUSICBRAINZ ALBUM TYPE': ['album'], 'TITLE': ['Awful'], 'LYRICS': ["Swing low, sweet cherry, Make it awful\r\nIt's your life, it's your party, it's so awful\r\nLet's start a fire, Let's have a riot! Yeah it's awful\r\nIt was punk, Yeah, it was perfect, now it's awful\r\n\r\nThey know how to break all the girls like you\r\nAnd they rob the souls of the girls like you\r\nAnd they break the hearts of the girls\r\n\r\nSwing low, cherry, cherry Yeah it's awful\r\nHe's drunk, he tastes Like candy, he's so beautiful\r\nHe's so deep, like dirty water God, he's awful\r\nYou're lost, oh, where's your daddy, he's so awful\r\n\r\nAnd they royalty rate all the girls like you\r\nAnd they sell it out to the girls like you\r\nTo incorporate little girls\r\n\r\nHey, run away with the light\r\nRun away, it's divine\r\nLet's run away, yeah, tonight and\r\nWe'll steal the light of the world\r\n\r\nSwing low, sweet cherry, yeah, it's awful\r\nYou're ripe for the picking, it's so awful\r\nYou've got your youth, Don't waste your money, Yeah it's awful\r\nI was punk, Now I'm just stupid, I'm so awful\r\n\r\nOh, just shut up you're only 16\r\nOh, just shut up you're only 16\r\n\r\nIf the world is so wrong\r\nThen you can break the mold\r\nWith one song\r\nIf the world is so wrong\r\nThen you can take it on\r\nWith one song\r\n\r\nSwing low sweet cherry Make it awful\r\nThey blew it up, just build a new one, \r\nMake it beautiful...yeah\r\n"], 'TRACKNUMBER': ['2/12'], 'ISRC': ['USGF19816402'], 'MUSICBRAINZ_RELEASEGROUPID': ['bdf37fad-7332-3efb-8e7e-073d1c756c7e'], 'MUSICBRAINZ ALBUM RELEASE COUNTRY': ['US'], 'ARTISTS': ['Hole'], 'MUSICBRAINZ ALBUM STATUS': ['official'], 'ASIN': ['B00000AFWW'], 'MUSICBRAINZ_ALBUMID': ['4d7f5ee8-f4fc-49b2-bc4a-cc675d8eb1f2'], 'ORIGINALYEAR': ['1998'], 'DISCNUMBER': ['1/1'], 'ACOUSTID_ID': ['3ff53905-2c77-4955-8d4f-5c194574df8c']}
2018-05-09 19:15:09,200 - album_fetcher - INFO - Found file: 03 - Hit So Hard.mp3 in /media/nas/music/Hole/Celebrity Skin
2018-05-09 19:15:09,245 - album_fetcher - INFO - Song info: {'SCRIPT': ['Latn'], 'MUSICBRAINZ_ARTISTID': ['1dcc8968-f2cd-441c-beda-6270f70f2863'], 'ARTIST': ['Hole'], 'CATALOGNUMBER': ['DGCD-25164'], 'MUSICBRAINZ_TRACKID': ['519e0097-ac2a-4bc7-835d-ae2e1b01d419'], 'BARCODE': ['720642516423'], 'ALBUM': ['Celebrity Skin'], 'MUSICBRAINZ_ALBUMARTISTID': ['1dcc8968-f2cd-441c-beda-6270f70f2863'], 'ARTISTSORT': ['Hole'], 'MEDIA': ['CD'], 'LABEL': ['DGC Records'], 'ALBUMARTIST': ['Hole'], 'MUSICBRAINZ RELEASE TRACK ID': ['07b532a9-5a95-3a84-96c9-317f629c8d39'], 'ORIGINALDATE': ['1998'], 'ALBUMARTISTSORT': ['Hole'], 'DATE': ['1998-09-08'], 'LYRICIST': ['Courtney Love'], 'GENRE': ['Grunge'], 'MUSICBRAINZ ALBUM TYPE': ['album'], 'TITLE': ['Hit So Hard'], 'LYRICS': ["Put me up above the boy\r\nThe one I love I should destroy\r\nMy sweet tooth has burned a hole\r\nForget about it all\r\n\r\nHe hit so hard\r\nI saw stars\r\nHe hit so hard\r\nI saw God\r\n\r\nHe's cold give him a candycoat\r\nHe can't swim but he can float\r\nOne by one they all fall down\r\nI look at him and drown\r\n\r\nHe hit so hard\r\nI saw stars\r\nHe hit so hard\r\nI saw God\r\n\r\nHe's so candy my downfall\r\nMelts in my mouth, 'til he's nothing at all\r\nThis keeps me, I can't sleep\r\nHe rages to be true\r\n\r\nHe hit so hard\r\nI saw stars\r\nHe hit so hard\r\nI saw God\r\n\r\nOh, man, he hit so hard\r\nI saw stars\r\nHe hit so hard\r\nI saw God\r\n"], 'TRACKNUMBER': ['3/12'], 'ISRC': ['USGF19816403'], 'MUSICBRAINZ_RELEASEGROUPID': ['bdf37fad-7332-3efb-8e7e-073d1c756c7e'], 'MUSICBRAINZ ALBUM RELEASE COUNTRY': ['US'], 'ARTISTS': ['Hole'], 'MUSICBRAINZ ALBUM STATUS': ['official'], 'ASIN': ['B00000AFWW'], 'MUSICBRAINZ_ALBUMID': ['4d7f5ee8-f4fc-49b2-bc4a-cc675d8eb1f2'], 'ORIGINALYEAR': ['1998'], 'DISCNUMBER': ['1/1'], 'ACOUSTID_ID': ['96ff74d9-9b4d-47f3-9a60-55f3457f28ec']}
2018-05-09 19:15:09,246 - album_fetcher - INFO - Found file: 04 - Malibu.mp3 in /media/nas/music/Hole/Celebrity Skin
2018-05-09 19:15:09,298 - album_fetcher - INFO - Song info: {'SCRIPT': ['Latn'], 'MUSICBRAINZ_ARTISTID': ['1dcc8968-f2cd-441c-beda-6270f70f2863'], 'ARTIST': ['Hole'], 'CATALOGNUMBER': ['DGCD-25164'], 'MUSICBRAINZ_TRACKID': ['d6b395da-c8cd-4e15-8726-0e47b2cd8a1d'], 'BARCODE': ['720642516423'], 'ALBUM': ['Celebrity Skin'], 'MUSICBRAINZ_ALBUMARTISTID': ['1dcc8968-f2cd-441c-beda-6270f70f2863'], 'ARTISTSORT': ['Hole'], 'MEDIA': ['CD'], 'LABEL': ['DGC Records'], 'ALBUMARTIST': ['Hole'], 'MUSICBRAINZ RELEASE TRACK ID': ['46db6976-998b-3d28-ac59-3f4f613e6ada'], 'ORIGINALDATE': ['1998'], 'ALBUMARTISTSORT': ['Hole'], 'DATE': ['1998-09-08'], 'LYRICIST': ['Courtney Love'], 'GENRE': ['Grunge'], 'MUSICBRAINZ ALBUM TYPE': ['album'], 'TITLE': ['Malibu'], 'LYRICS': ["Crash and burn\r\nAll the stars explode tonight\r\nHow'd you get so desperate\r\nHow'd you stay alive\r\nHelp me please\r\nBurn the sorrow from your eyes\r\nOh, come on be alive again\r\nDon't lay down and die\r\n\r\nHey, hey\r\nYou know what to do\r\nOh, baby, drive away from Malibu\r\n\r\nGet well soon\r\nPlease don't go any higher\r\nHow are you so burnt when\r\nYou're barely on fire\r\nCry to the angels\r\nI'm gonna rescue you\r\nI'm gonna set you free tonight, baby\r\nPour over me\r\n\r\nHey, hey\r\nWe're all watching you\r\nOh, baby, fly away to Malibu\r\nCry to the angels\r\nAnd let them swallow you\r\nGo and part the sea, yeah, in Malibu\r\n\r\nAnd the sun goes down\r\nI watch you slip away\r\nAnd the sun goes down\r\nI walk into the waves\r\n\r\nAnd the sun goes down\r\nI watch you slip away\r\nAnd I run\r\n\r\nAnd I knew love would tear you apart\r\nOh and I knew the darkest secret of your heart\r\n\r\nHey, hey\r\nI'm gonna follow you\r\nOh baby, fly away, yeah\r\nTo Malibu\r\nOceans of angels, oceans of stars\r\nDown by the sea is where you drown your scars\r\nAh ha\r\n\r\nI can't be near you\r\nThe light just radiates\r\nI can't be near you\r\nThe light just radiates\r\n"], 'TRACKNUMBER': ['4/12'], 'ISRC': ['USGF19816406'], 'MUSICBRAINZ_RELEASEGROUPID': ['bdf37fad-7332-3efb-8e7e-073d1c756c7e'], 'MUSICBRAINZ ALBUM RELEASE COUNTRY': ['US'], 'ARTISTS': ['Hole'], 'MUSICBRAINZ ALBUM STATUS': ['official'], 'ASIN': ['B00000AFWW'], 'MUSICBRAINZ_ALBUMID': ['4d7f5ee8-f4fc-49b2-bc4a-cc675d8eb1f2'], 'ORIGINALYEAR': ['1998'], 'DISCNUMBER': ['1/1'], 'ACOUSTID_ID': ['6a52e7ee-328a-4095-bc29-b5f04b46411b']}
2018-05-09 19:15:09,299 - album_fetcher - INFO - Found file: 05 - Reasons To Be Beautiful.mp3 in /media/nas/music/Hole/Celebrity Skin
2018-05-09 19:15:09,376 - album_fetcher - INFO - Song info: {'SCRIPT': ['Latn'], 'MUSICBRAINZ_ARTISTID': ['1dcc8968-f2cd-441c-beda-6270f70f2863'], 'ARTIST': ['Hole'], 'CATALOGNUMBER': ['DGCD-25164'], 'MUSICBRAINZ_TRACKID': ['f4eba957-715d-433d-8290-10ba4e81342c'], 'BARCODE': ['720642516423'], 'ALBUM': ['Celebrity Skin'], 'MUSICBRAINZ_ALBUMARTISTID': ['1dcc8968-f2cd-441c-beda-6270f70f2863'], 'ARTISTSORT': ['Hole'], 'MEDIA': ['CD'], 'LABEL': ['DGC Records'], 'ALBUMARTIST': ['Hole'], 'MUSICBRAINZ RELEASE TRACK ID': ['556462cd-b932-357f-b14d-3573bce903d7'], 'ORIGINALDATE': ['1998'], 'ALBUMARTISTSORT': ['Hole'], 'DATE': ['1998-09-08'], 'LYRICIST': ['Courtney Love'], 'GENRE': ['Grunge'], 'MUSICBRAINZ ALBUM TYPE': ['album'], 'TITLE': ['Reasons to Be Beautiful'], 'LYRICS': ["Love hangs herself \r\nWith the bedsheets in her cell\r\nThrew myself on fires for you\r\n10 good reasons to stay alive\r\n10 good reasons that I can't find\r\n\r\nOh, give me a reason to be beautiful\r\nSo sick in his body, so sick in his soul\r\nOh, give me one reason to be beautiful\r\nOh, and everything I am\r\n\r\nLove hates you\r\nI live my life in ruins for you\r\nAnd for all your secrets kept\r\nI squashed the blossom and the blossom's dead\r\n\r\nOh, give me a reason to be beautiful\r\nSo sick in his body, so sick in his soul\r\nOh, and I will make myself so beautiful\r\nOh, and everything I am\r\n\r\nMiles and miles of perfect skin\r\nI swear I do, I fit right in\r\nMy love burns through everything\r\nI cannot breathe\r\nMiles and miles of perfect sin\r\nI swear, I said, I fit right in\r\nI fit right in your perfect skin\r\nI cannot breathe\r\n\r\nHey, baby, take it all the way...down\r\nHey, baby, taste me anyway\r\nOh, you were born\r\nSo pretty oh summerbabe\r\nWe'll never know...\r\nAnd fading like a rose\r\n\r\nGive me a reason to be beautiful\r\nSo sick in his body, so sick in his soul\r\nI'll give you my body, just sell me your soul\r\nOh, and everything I am will be bought and sold\r\nOh, and everything I am will turn hard and cold\r\nAnd they say in the end\r\nYou'll get bitter just like them\r\nAnd they steal your heart away\r\nWhen the fire goes out you better learn to fake\r\nIt's better to rise than fade away...\r\n\r\nHey you were right\r\nNamed a star for your eyes\r\nDid you freeze did you weep\r\nTurn to gold, baby, sleep\r\nHey honey mine\r\nI was there all the time\r\nAnd I weep at your feet\r\nAnd it rains and rains\r\n"], 'TRACKNUMBER': ['5/12'], 'ISRC': ['USGF19816404'], 'MUSICBRAINZ_RELEASEGROUPID': ['bdf37fad-7332-3efb-8e7e-073d1c756c7e'], 'MUSICBRAINZ ALBUM RELEASE COUNTRY': ['US'], 'ARTISTS': ['Hole'], 'MUSICBRAINZ ALBUM STATUS': ['official'], 'ASIN': ['B00000AFWW'], 'MUSICBRAINZ_ALBUMID': ['4d7f5ee8-f4fc-49b2-bc4a-cc675d8eb1f2'], 'ORIGINALYEAR': ['1998'], 'DISCNUMBER': ['1/1'], 'ACOUSTID_ID': ['387dac18-ce10-420f-956a-f2286a16b34a']}
2018-05-09 19:15:09,376 - album_fetcher - INFO - Found file: 06 - Dying.mp3 in /media/nas/music/Hole/Celebrity Skin
2018-05-09 19:15:09,417 - album_fetcher - INFO - Song info: {'SCRIPT': ['Latn'], 'MUSICBRAINZ_ARTISTID': ['1dcc8968-f2cd-441c-beda-6270f70f2863'], 'ARTIST': ['Hole'], 'CATALOGNUMBER': ['DGCD-25164'], 'MUSICBRAINZ_TRACKID': ['db269fdf-75c1-448f-a743-52f1296fbeac'], 'BARCODE': ['720642516423'], 'ALBUM': ['Celebrity Skin'], 'MUSICBRAINZ_ALBUMARTISTID': ['1dcc8968-f2cd-441c-beda-6270f70f2863'], 'ARTISTSORT': ['Hole'], 'MEDIA': ['CD'], 'LABEL': ['DGC Records'], 'ALBUMARTIST': ['Hole'], 'MUSICBRAINZ RELEASE TRACK ID': ['6b9fcfa7-e854-35b0-85c0-749ba7109fbb'], 'ORIGINALDATE': ['1998'], 'ALBUMARTISTSORT': ['Hole'], 'DATE': ['1998-09-08'], 'LYRICIST': ['Courtney Love'], 'GENRE': ['Grunge'], 'MUSICBRAINZ ALBUM TYPE': ['album'], 'TITLE': ['Dying'], 'LYRICS': ["Have you seen a cripple dance?\r\nPay your money, baby\r\nNow's your chance\r\nEyes like cyanide\r\n\r\nI am so dumb\r\nJust beam me up\r\nI've had it all forever\r\nI've had enough\r\n\r\nRemember, you promised me\r\nI'm dying, I'm dying, please\r\nI want to, I need to be\r\nUnder your skin\r\n\r\n\r\nOur love is quicksand\r\nSo easy to drown\r\nThey steal the gravity, yeah\r\nFrom moving ground\r\n\r\nRemember, you promised me\r\nI'm dying, I'm dying, please\r\nI want to, I need to be\r\nUnder your skin\r\n\r\nAnd now I understand\r\nYou leave with everything\r\nYou leave with everything I am\r\nMemories (withering)\r\n\r\nAnd now I know that love is dead\r\nYou've come to bury me\r\nThere's nothing left here to pretend\r\nThen it fades (Anything)\r\n\r\nRemember, you promised me\r\nI'm dying, I'm dying, please\r\nI want to, I need to be\r\nUnder your skin\r\n\r\nI'm dying, I'm dying, please\r\nI'm dying, I'm dying, please\r\nI'm dying, I'm dying, please\r\nUnder your skin\r\n\r\nUnder your skin\r\n"], 'TRACKNUMBER': ['6/12'], 'ISRC': ['USGF19816405'], 'MUSICBRAINZ_RELEASEGROUPID': ['bdf37fad-7332-3efb-8e7e-073d1c756c7e'], 'MUSICBRAINZ ALBUM RELEASE COUNTRY': ['US'], 'ARTISTS': ['Hole'], 'MUSICBRAINZ ALBUM STATUS': ['official'], 'ASIN': ['B00000AFWW'], 'MUSICBRAINZ_ALBUMID': ['4d7f5ee8-f4fc-49b2-bc4a-cc675d8eb1f2'], 'ORIGINALYEAR': ['1998'], 'DISCNUMBER': ['1/1'], 'ACOUSTID_ID': ['333247fc-b4fe-4258-8cb2-d065d8fc5e30']}
2018-05-09 19:15:09,417 - album_fetcher - INFO - Found file: 07 - Use Once & Destroy.mp3 in /media/nas/music/Hole/Celebrity Skin
2018-05-09 19:15:09,462 - album_fetcher - INFO - Song info: {'SCRIPT': ['Latn'], 'MUSICBRAINZ_ARTISTID': ['1dcc8968-f2cd-441c-beda-6270f70f2863'], 'ARTIST': ['Hole'], 'CATALOGNUMBER': ['DGCD-25164'], 'MUSICBRAINZ_TRACKID': ['4f808321-c2f5-4c4a-93ee-7fc73f2a01fd'], 'BARCODE': ['720642516423'], 'ALBUM': ['Celebrity Skin'], 'MUSICBRAINZ_ALBUMARTISTID': ['1dcc8968-f2cd-441c-beda-6270f70f2863'], 'ARTISTSORT': ['Hole'], 'MEDIA': ['CD'], 'LABEL': ['DGC Records'], 'ALBUMARTIST': ['Hole'], 'MUSICBRAINZ RELEASE TRACK ID': ['8c228d9f-95cc-39ab-ad2e-f2640fc08158'], 'ORIGINALDATE': ['1998'], 'ALBUMARTISTSORT': ['Hole'], 'DATE': ['1998-09-08'], 'LYRICIST': ['Courtney Love'], 'GENRE': ['Grunge'], 'MUSICBRAINZ ALBUM TYPE': ['album'], 'TITLE': ['Use Once & Destroy'], 'LYRICS': ["It's the emptiness that follows you down\r\nIt's the ache inside when it all burns out\r\nIt's poisonous it muscles it aches\r\nIt's everything you had when it breaks\r\n\r\nIt's the emptiness that's all you have left\r\nToo terrified of you frozen breath\r\nIt's a bitter mouth it's buttered it's knived\r\nIt's the awful truth you fight for your life\r\n\r\nIt might as well it might as well hurt\r\nIt might as well it might as well\r\n\r\nI went down to rescue you\r\nI went all the way down\r\nFill your hungry wretched life\r\nHere they come it's closing time\r\n\r\nIt's the bitter root it's twisted inside\r\nIt's the heart you used to have when it died\r\nIt's the emptiness it poisons it lies\r\nIt's everything that you'll never find\r\n\r\nIt might as well it might as well hurt\r\nIt might as well it might as well\r\n\r\nI went down for the remains\r\nSort through all your blurs and stains\r\nTake your rapture blister burns\r\nStand in line it's not your turn\r\n\r\nAll dressed in red, always the bride\r\nOff with her head, all dressed in white\r\nOff with her head\r\n\r\nI went down to rescue you\r\nI went all the way down\r\nI went down for the remains\r\nSort through all your blurs and stains\r\n\r\nOoh, I will follow you\r\nAnytime, Anywhere\r\nOoh, I will come for you\r\nJust say you aren't there\r\n"], 'TRACKNUMBER': ['7/12'], 'ISRC': ['USGF19816407'], 'MUSICBRAINZ_RELEASEGROUPID': ['bdf37fad-7332-3efb-8e7e-073d1c756c7e'], 'MUSICBRAINZ ALBUM RELEASE COUNTRY': ['US'], 'ARTISTS': ['Hole'], 'MUSICBRAINZ ALBUM STATUS': ['official'], 'ASIN': ['B00000AFWW'], 'MUSICBRAINZ_ALBUMID': ['4d7f5ee8-f4fc-49b2-bc4a-cc675d8eb1f2'], 'ORIGINALYEAR': ['1998'], 'DISCNUMBER': ['1/1'], 'ACOUSTID_ID': ['38f73340-a8c4-48b4-bad4-bd74aeacc80d']}
2018-05-09 19:15:09,462 - album_fetcher - INFO - Found file: 08 - Northern Star.mp3 in /media/nas/music/Hole/Celebrity Skin
2018-05-09 19:15:09,538 - album_fetcher - INFO - Song info: {'SCRIPT': ['Latn'], 'MUSICBRAINZ_ARTISTID': ['1dcc8968-f2cd-441c-beda-6270f70f2863'], 'ARTIST': ['Hole'], 'CATALOGNUMBER': ['DGCD-25164'], 'MUSICBRAINZ_TRACKID': ['2d0de5ca-7adb-4b5c-8168-547dff55d211'], 'BARCODE': ['720642516423'], 'ALBUM': ['Celebrity Skin'], 'MUSICBRAINZ_ALBUMARTISTID': ['1dcc8968-f2cd-441c-beda-6270f70f2863'], 'ARTISTSORT': ['Hole'], 'MEDIA': ['CD'], 'LABEL': ['DGC Records'], 'ALBUMARTIST': ['Hole'], 'MUSICBRAINZ RELEASE TRACK ID': ['536af4a2-4a2c-3809-b414-6f91a3b2de69'], 'ORIGINALDATE': ['1998'], 'ALBUMARTISTSORT': ['Hole'], 'DATE': ['1998-09-08'], 'LYRICIST': ['Courtney Love'], 'GENRE': ['Grunge'], 'MUSICBRAINZ ALBUM TYPE': ['album'], 'TITLE': ['Northern Star'], 'LYRICS': ["And I cry and no one can hear\r\nInhale the blinded eyes that see\r\nThe chaos bring the pitiful to me\r\nEven though I'm wide awake\r\nI will in blackest night\r\nAnd I wait for you\r\nIt's cold in here, there's no one left\r\nAnd I wait for you\r\nAnd nothing stops it happening\r\nAnd I knew I'd cherish all my misery alone\r\n\r\nAnd I wait staring at the northern star\r\nI'm afraid it won't lead me anywhere\r\nHe's so cold he will ruin the world tonight\r\nAll the angels kneel into the northern lights\r\nKneeling to the frozen lights\r\n\r\nAnd they paid, I cry and cry for you\r\nGhosts that haunt you with their sorrow\r\nI cried 'cause you were doomed\r\nPraying to the wound that swallows all that's cold and cruel\r\nCan you see the trees, charity and gratitude?\r\nThey run to the pines\r\nIt's black in here, blot out the sun and run to the pines\r\nOur misery runs wild and free\r\nAnd I knew the fire and the ashes of his grace\r\n\r\nAnd I wait staring at the northern star\r\nI'm afraid it won't lead you very far\r\nHe's so cold he will win the world tonight\r\nAll the angels kneeling to the frozen lights\r\nFeel their hearts, they're cold and white\r\n\r\nAnd I want you\r\nAnd blessed are the broken\r\nAnd I beg you\r\nNo loneliness, no misery is worth you\r\nOh, tear his heart out\r\nCold as ice, it's mine\r\n\r\nAnd I wait praying to the northern star\r\nI'm afraid it won't lead you anywhere\r\nHe's so cold raining on the world tonight\r\nAll the angels kneeling to the northern lights\r\n\r\nAnd I pray begging to the northern star\r\nI'm afraid it won't lead you anywhere\r\nHe's so cold he will rule the world tonight\r\nAll the angels kneeling to the northern lights\r\nKneeling to the frozen lights\r\nFeel their hearts, they're cold as ice\r\n"], 'TRACKNUMBER': ['8/12'], 'ISRC': ['USGF19816408'], 'MUSICBRAINZ_RELEASEGROUPID': ['bdf37fad-7332-3efb-8e7e-073d1c756c7e'], 'MUSICBRAINZ ALBUM RELEASE COUNTRY': ['US'], 'ARTISTS': ['Hole'], 'MUSICBRAINZ ALBUM STATUS': ['official'], 'ASIN': ['B00000AFWW'], 'MUSICBRAINZ_ALBUMID': ['4d7f5ee8-f4fc-49b2-bc4a-cc675d8eb1f2'], 'ORIGINALYEAR': ['1998'], 'DISCNUMBER': ['1/1'], 'ACOUSTID_ID': ['824c31df-ba17-45f9-b8ef-fd334ca43648']}
2018-05-09 19:15:09,539 - album_fetcher - INFO - Found file: 09 - Boys On The Radio.mp3 in /media/nas/music/Hole/Celebrity Skin
2018-05-09 19:15:09,599 - album_fetcher - INFO - Song info: {'SCRIPT': ['Latn'], 'MUSICBRAINZ_ARTISTID': ['1dcc8968-f2cd-441c-beda-6270f70f2863'], 'ARTIST': ['Hole'], 'CATALOGNUMBER': ['DGCD-25164'], 'MUSICBRAINZ_TRACKID': ['72968c86-2dcd-41b5-8041-69f0446cba7b'], 'BARCODE': ['720642516423'], 'ALBUM': ['Celebrity Skin'], 'MUSICBRAINZ_ALBUMARTISTID': ['1dcc8968-f2cd-441c-beda-6270f70f2863'], 'ARTISTSORT': ['Hole'], 'MEDIA': ['CD'], 'LABEL': ['DGC Records'], 'ALBUMARTIST': ['Hole'], 'MUSICBRAINZ RELEASE TRACK ID': ['aed0b05c-92a7-33e8-9c64-9b6e63581871'], 'ORIGINALDATE': ['1998'], 'ALBUMARTISTSORT': ['Hole'], 'DATE': ['1998-09-08'], 'LYRICIST': ['Courtney Love'], 'GENRE': ['Grunge'], 'MUSICBRAINZ ALBUM TYPE': ['album'], 'TITLE': ['Boys on the Radio'], 'LYRICS': ["Do what you want\r\nCause I'll do anything\r\nAnd I'll take the blame\r\nWhat's mine is yours\r\nYou can have all of it\r\nAnd I learn to beg\r\n\r\nOh, the boys on the radio\r\nThey crash and burn\r\nThey fold and fade so slow\r\n\r\nIn your endless summer night\r\nI'll be on the other side\r\nWhen you're beautiful and dying\r\nAll the world that you've denied\r\nWhen the water is too deep\r\nYou can close your eyes and really sleep tonight\r\nTonight\r\n\r\nI want what's yours\r\nOh, I'd give anything and\r\nI'll take the pain\r\nI wait alone\r\nFor what will never come and\r\nI throw it all away\r\n\r\nOh, the boys on the radio\r\nThey crash and burn\r\nThey fold and fade so slow\r\n\r\nIn your endless summer night\r\nI'll be on the other side\r\nWhen you're beautiful and dying\r\nAll the world that you've denied\r\nWhen the water is too deep\r\nYou can close your eyes and really sleep tonight\r\nYour beauty blinds\r\n\r\nIf I let you in\r\nUnder my skin\r\nAnd risen every angel slain\r\n\r\nHe said he'd never, ever\r\nEver go\r\nAnd Heavens, Heavens, Heavens No\r\nNever ever, ever go away\r\nBaby, I've gone away\r\n\r\nIn your endless summer night\r\nI'll be on the other side\r\nWhen you're beautiful and dying\r\nAll the world that you've denied\r\nWhen the water is too deep\r\nYou can close your eyes and really sleep tonight\r\nYour beauty blinds\r\n\r\nI know where are running to, please come back\r\nOh, come back again\r\nI hear the truth, it's coming from you\r\nOh, come back, won't you come back again\r\n\r\nIn your endless summer night\r\nI'll be on the other side\r\nWhen the water is too deep\r\nI will ease your suffering\r\nWhen the glitter fades in morning\r\nTurn away and you will find my empty eyes\r\nYour beauty blinds\r\n\r\nI know that you are rotten to the core\r\nI know that you don't love me anymore\r\nI know that you are rotten to the core\r\n"], 'TRACKNUMBER': ['9/12'], 'ISRC': ['USGF19816409'], 'MUSICBRAINZ_RELEASEGROUPID': ['bdf37fad-7332-3efb-8e7e-073d1c756c7e'], 'MUSICBRAINZ ALBUM RELEASE COUNTRY': ['US'], 'ARTISTS': ['Hole'], 'MUSICBRAINZ ALBUM STATUS': ['official'], 'ASIN': ['B00000AFWW'], 'MUSICBRAINZ_ALBUMID': ['4d7f5ee8-f4fc-49b2-bc4a-cc675d8eb1f2'], 'ORIGINALYEAR': ['1998'], 'DISCNUMBER': ['1/1'], 'ACOUSTID_ID': ['d9decdfe-9cdc-4486-9775-1954e3833d4c']}
2018-05-09 19:15:09,600 - album_fetcher - INFO - Found file: 10 - Heaven Tonight.mp3 in /media/nas/music/Hole/Celebrity Skin
2018-05-09 19:15:09,673 - album_fetcher - INFO - Song info: {'SCRIPT': ['Latn'], 'MUSICBRAINZ_ARTISTID': ['1dcc8968-f2cd-441c-beda-6270f70f2863'], 'ARTIST': ['Hole'], 'CATALOGNUMBER': ['DGCD-25164'], 'MUSICBRAINZ_TRACKID': ['57f9483b-4b8f-44fe-91f2-5e454f1580f2'], 'BARCODE': ['720642516423'], 'ALBUM': ['Celebrity Skin'], 'MUSICBRAINZ_ALBUMARTISTID': ['1dcc8968-f2cd-441c-beda-6270f70f2863'], 'ARTISTSORT': ['Hole'], 'MEDIA': ['CD'], 'LABEL': ['DGC Records'], 'ALBUMARTIST': ['Hole'], 'MUSICBRAINZ RELEASE TRACK ID': ['e604af25-c59a-3045-be1e-d78c59faf4f6'], 'ORIGINALDATE': ['1998'], 'ALBUMARTISTSORT': ['Hole'], 'DATE': ['1998-09-08'], 'LYRICIST': ['Courtney Love'], 'GENRE': ['Grunge'], 'MUSICBRAINZ ALBUM TYPE': ['album'], 'TITLE': ['Heaven Tonight'], 'LYRICS': ["Here comes a sign in the form of a girl\r\nShe's the finest, sweetest thing in the world\r\nOh, take you to Heaven tonight\r\n\r\nI feel the horses coming galloping In the summer's end\r\nTake you to Heaven tonight Oh, because I love you For what you are\r\n\r\nI'll gallop to you Tonight, tonight I will ride\r\nI'll give it to you We'll go to Heaven tonight Tonight\r\n\r\nI don't know why? Oh baby, I was heading for Heaven tonight\r\nI'll go to Heaven tonight I feel the horses coming galloping\r\nI'll never grow old, I'll go to Heaven tonight\r\nBecause I love you For what you are\r\n\r\nI'll gallop to you Tonight, tonight I will ride\r\nI'll bow down to you We'll go to Heaven tonight Tonight\r\n\r\nI can't believe that I could be happy Summer will come again, I could be happy\r\nOh, stop your crying, you could be happy Go to Heaven when you make me happy\r\n\r\nHere comes a kiss that I never had\r\nNothing feels like this, headed to Heaven tonight\r\nI love you Here comes a storm in the form of a girl\r\nShe's the finest, sweetest thing in the world\r\nOh, I'll go to Heaven tonight For what you are\r\n\r\nI'll gallop to you Tonight, tonight I will ride\r\nI'll bow down to you We'll go to Heaven tonight Tonight\r\n"], 'TRACKNUMBER': ['10/12'], 'ISRC': ['USGF19816410'], 'MUSICBRAINZ_RELEASEGROUPID': ['bdf37fad-7332-3efb-8e7e-073d1c756c7e'], 'MUSICBRAINZ ALBUM RELEASE COUNTRY': ['US'], 'ARTISTS': ['Hole'], 'MUSICBRAINZ ALBUM STATUS': ['official'], 'ASIN': ['B00000AFWW'], 'MUSICBRAINZ_ALBUMID': ['4d7f5ee8-f4fc-49b2-bc4a-cc675d8eb1f2'], 'ORIGINALYEAR': ['1998'], 'DISCNUMBER': ['1/1'], 'ACOUSTID_ID': ['81b772ba-0f9e-4a55-9b43-5fd82990c0df']}
2018-05-09 19:15:09,674 - album_fetcher - INFO - Found file: 11 - Playing Your Song.mp3 in /media/nas/music/Hole/Celebrity Skin
2018-05-09 19:15:09,707 - album_fetcher - INFO - Song info: {'SCRIPT': ['Latn'], 'MUSICBRAINZ_ARTISTID': ['1dcc8968-f2cd-441c-beda-6270f70f2863'], 'ARTIST': ['Hole'], 'CATALOGNUMBER': ['DGCD-25164'], 'MUSICBRAINZ_TRACKID': ['c955782e-b119-4f9b-a05b-1f3619304bf8'], 'BARCODE': ['720642516423'], 'ALBUM': ['Celebrity Skin'], 'MUSICBRAINZ_ALBUMARTISTID': ['1dcc8968-f2cd-441c-beda-6270f70f2863'], 'ARTISTSORT': ['Hole'], 'MEDIA': ['CD'], 'LABEL': ['DGC Records'], 'ALBUMARTIST': ['Hole'], 'MUSICBRAINZ RELEASE TRACK ID': ['f818378e-dda2-3e30-bc83-eb75a430395d'], 'ORIGINALDATE': ['1998'], 'ALBUMARTISTSORT': ['Hole'], 'DATE': ['1998-09-08'], 'LYRICIST': ['Courtney Love'], 'GENRE': ['Grunge'], 'MUSICBRAINZ ALBUM TYPE': ['album'], 'TITLE': ['Playing Your Song'], 'LYRICS': ["Hey you, you're way ahead of me\r\nYou're drunk on apathy\r\nYou burned right out\r\nHey you, you're just a cripple now\r\nThey sell for millions now\r\nThey sold you out\r\n\r\nOh, I had to tell them you were gone\r\nI had to tell them they were wrong\r\nAnd now they're playing your song\r\n\r\nHey you, don't take it out on me\r\nYou're bored on apathy\r\nYou burned right out\r\nHey you, so bored and cynical\r\nIt's fucking wonderful, they sold you out\r\n\r\nOh, they've bought and sold it all it's gone\r\nThey've taken it and built a mall\r\nAnd now they're playing your song\r\n\r\nOooh, their innocence tastes like candy, yeah\r\nGet so fat on it, it's a tragedy, yeah\r\nOooh, I can help you come to me yeah\r\nJust bring your innocence to me, yeah\r\n\r\nHey you, don't you dare blame me\r\nYou trusted everything\r\nThey sold you out\r\nIt's just so mean and cruel\r\nThey sold you out\r\n"], 'TRACKNUMBER': ['11/12'], 'ISRC': ['USGF19816411'], 'MUSICBRAINZ_RELEASEGROUPID': ['bdf37fad-7332-3efb-8e7e-073d1c756c7e'], 'MUSICBRAINZ ALBUM RELEASE COUNTRY': ['US'], 'ARTISTS': ['Hole'], 'MUSICBRAINZ ALBUM STATUS': ['official'], 'ASIN': ['B00000AFWW'], 'MUSICBRAINZ_ALBUMID': ['4d7f5ee8-f4fc-49b2-bc4a-cc675d8eb1f2'], 'ORIGINALYEAR': ['1998'], 'DISCNUMBER': ['1/1'], 'ACOUSTID_ID': ['fa9a0f43-deb3-4707-ae64-e4072fabe5a8']}
2018-05-09 19:15:09,708 - album_fetcher - INFO - Found file: 12 - Petals.mp3 in /media/nas/music/Hole/Celebrity Skin
2018-05-09 19:15:09,768 - album_fetcher - INFO - Song info: {'SCRIPT': ['Latn'], 'MUSICBRAINZ_ARTISTID': ['1dcc8968-f2cd-441c-beda-6270f70f2863'], 'ARTIST': ['Hole'], 'CATALOGNUMBER': ['DGCD-25164'], 'MUSICBRAINZ_TRACKID': ['8cc4983c-07cf-4ea8-ac85-222d5b742914'], 'BARCODE': ['720642516423'], 'ALBUM': ['Celebrity Skin'], 'MUSICBRAINZ_ALBUMARTISTID': ['1dcc8968-f2cd-441c-beda-6270f70f2863'], 'ARTISTSORT': ['Hole'], 'MEDIA': ['CD'], 'LABEL': ['DGC Records'], 'ALBUMARTIST': ['Hole'], 'MUSICBRAINZ RELEASE TRACK ID': ['47bdb67a-f527-3b87-a57c-3781d9989afa'], 'ORIGINALDATE': ['1998'], 'ALBUMARTISTSORT': ['Hole'], 'DATE': ['1998-09-08'], 'LYRICIST': ['Courtney Love'], 'GENRE': ['Grunge'], 'MUSICBRAINZ ALBUM TYPE': ['album'], 'TITLE': ['Petals'], 'LYRICS': ["She's the angel on top of the tree\r\nSugarheart, here she comes\r\nShe's going to fall on me\r\n\r\nInnocence was our fire\r\nWe told the truth\r\nI miss the sweet boys\r\nIn the summer of their youth\r\n\r\nTear the petals off of you\r\nMake you tell the truth\r\nTear the petals off of you\r\nTear the petals off of you\r\nMake you tell the truth\r\nTear the petals off of you\r\n\r\nThey will make you so\r\nSo cynical\r\nThe fire burns, the flesh destorys\r\nthe past that made us old\r\n\r\nShe's the grace of this world\r\nShe's too pure\r\nFor the likes of this world\r\nThis world is a whore\r\n\r\nTear the petals off of you\r\nMake you tell the truth\r\nTear the petals off of you\r\nTear the petals off of you\r\nMake you tell the truth\r\nTear the petals off of you\r\n\r\nI wait till mine and\r\nHey, it's all mine\r\nHey, it's all mine\r\nNever knew what I could be\r\nAll the darling buds of May\r\nThey fall with no sound\r\nThey carry you down\r\nThey carry you down\r\nOoooooooo, ooooooh\r\nOoooooooo\r\n\r\nAll the lillies bloomed and blossomed\r\nWilted and they're shivering\r\nI can't stop their withering,\r\nOh, this world is a war\r\n\r\nTear the petals off of you\r\nMake you tell the truth\r\nTear the petals off of you\r\nTear the petals off of you\r\nMake you tell the truth\r\nTear the petals off of you\r\n\r\nTear the petals off of you\r\nMake you tell the truth\r\nTear the petals off of you\r\nTear the petals off of you\r\nMake you tell the truth\r\nTear the petals off of you\r\n\r\nTear the petals off of you\r\nMake you tell the truth\r\nTear the petals off of you\r\nTear the petals off of you\r\nMake you tell the truth\r\nTear the petals off of you\r\n"], 'TRACKNUMBER': ['12/12'], 'ISRC': ['USGF19816120/USGF19816412'], 'MUSICBRAINZ_RELEASEGROUPID': ['bdf37fad-7332-3efb-8e7e-073d1c756c7e'], 'MUSICBRAINZ ALBUM RELEASE COUNTRY': ['US'], 'ARTISTS': ['Hole'], 'MUSICBRAINZ ALBUM STATUS': ['official'], 'ASIN': ['B00000AFWW'], 'MUSICBRAINZ_ALBUMID': ['4d7f5ee8-f4fc-49b2-bc4a-cc675d8eb1f2'], 'ORIGINALYEAR': ['1998'], 'DISCNUMBER': ['1/1'], 'ACOUSTID_ID': ['d3bcf64c-9efc-4668-84c3-5f5575d51fab']}
2018-05-09 19:15:09,773 - album_fetcher - INFO - Found file: 01 - violet.mp3 in /media/nas/music/Hole/Live Through This
2018-05-09 19:15:09,901 - album_fetcher - INFO - Song info: {'SCRIPT': ['Latn'], 'MUSICBRAINZ_ARTISTID': ['1dcc8968-f2cd-441c-beda-6270f70f2863'], 'ARTIST': ['Hole'], 'ALBUMARTIST': ['Hole'], 'CATALOGNUMBER': ['DGCD-24631'], 'MUSICBRAINZ_TRACKID': ['2c88a3bc-9d4b-4333-8a32-9833a2f9e9cb'], 'BARCODE': ['720642463123'], 'ALBUM': ['Live Through This'], 'MUSICBRAINZ_ALBUMARTISTID': ['1dcc8968-f2cd-441c-beda-6270f70f2863'], 'ARTISTSORT': ['Hole'], 'MEDIA': ['CD'], 'LABEL': ['DGC Records'], 'MUSICBRAINZ RELEASE TRACK ID': ['8314b0fc-6170-336b-9ce7-fce10681d50a'], 'COMPOSER': ['Courtney Love/Eric Erlandson/Hole/Kristen Pfaff/Patty Schemel'], 'ORIGINALDATE': ['1994'], 'ALBUMARTISTSORT': ['Hole'], 'DATE': ['1994-04-12'], 'GENRE': ['Alternative rock'], 'MUSICBRAINZ ALBUM TYPE': ['album'], 'TITLE': ['Violet'], 'TRACKNUMBER': ['1/12'], 'MUSICBRAINZ_RELEASEGROUPID': ['fe676d05-f97c-303a-890b-da53c69e5d42'], 'MUSICBRAINZ ALBUM RELEASE COUNTRY': ['US'], 'ARTISTS': ['Hole'], 'MUSICBRAINZ ALBUM STATUS': ['official'], 'ASIN': ['B000003TAY'], 'MUSICBRAINZ_ALBUMID': ['6d2787f1-f584-4a76-8a97-7926e96fd73e'], 'ORIGINALYEAR': ['1994'], 'DISCNUMBER': ['1/1'], 'ACOUSTID_ID': ['0aa17255-d82f-4cce-a801-4d7edcb0fe4c']}
2018-05-09 19:15:09,901 - album_fetcher - INFO - Found file: 02 - miss world.mp3 in /media/nas/music/Hole/Live Through This
2018-05-09 19:15:10,010 - album_fetcher - INFO - Song info: {'SCRIPT': ['Latn'], 'MUSICBRAINZ_ARTISTID': ['1dcc8968-f2cd-441c-beda-6270f70f2863'], 'ARTIST': ['Hole'], 'ALBUMARTIST': ['Hole'], 'CATALOGNUMBER': ['DGCD-24631'], 'MUSICBRAINZ_TRACKID': ['5a15850c-1292-45b9-818a-f9cc8f4196e1'], 'BARCODE': ['720642463123'], 'ALBUM': ['Live Through This'], 'MUSICBRAINZ_ALBUMARTISTID': ['1dcc8968-f2cd-441c-beda-6270f70f2863'], 'ARTISTSORT': ['Hole'], 'MEDIA': ['CD'], 'LABEL': ['DGC Records'], 'MUSICBRAINZ RELEASE TRACK ID': ['2314b78d-4957-3ef1-95ad-1e98cf0c0752'], 'COMPOSER': ['Courtney Love/Eric Erlandson/Hole/Kristen Pfaff/Patty Schemel'], 'ORIGINALDATE': ['1994'], 'ALBUMARTISTSORT': ['Hole'], 'DATE': ['1994-04-12'], 'GENRE': ['Alternative rock'], 'MUSICBRAINZ ALBUM TYPE': ['album'], 'TITLE': ['Miss World'], 'TRACKNUMBER': ['2/12'], 'MUSICBRAINZ_RELEASEGROUPID': ['fe676d05-f97c-303a-890b-da53c69e5d42'], 'MUSICBRAINZ ALBUM RELEASE COUNTRY': ['US'], 'ARTISTS': ['Hole'], 'MUSICBRAINZ ALBUM STATUS': ['official'], 'ASIN': ['B000003TAY'], 'MUSICBRAINZ_ALBUMID': ['6d2787f1-f584-4a76-8a97-7926e96fd73e'], 'ORIGINALYEAR': ['1994'], 'DISCNUMBER': ['1/1'], 'ACOUSTID_ID': ['56f82597-e075-44a9-b39f-be335cce1aac']}
2018-05-09 19:15:10,011 - album_fetcher - INFO - Found file: 03 - plump.mp3 in /media/nas/music/Hole/Live Through This
2018-05-09 19:15:10,112 - album_fetcher - INFO - Song info: {'SCRIPT': ['Latn'], 'MUSICBRAINZ_ARTISTID': ['1dcc8968-f2cd-441c-beda-6270f70f2863'], 'ARTIST': ['Hole'], 'ALBUMARTIST': ['Hole'], 'CATALOGNUMBER': ['DGCD-24631'], 'MUSICBRAINZ_TRACKID': ['a63b208c-4c33-4c04-820a-8348933f3d20'], 'BARCODE': ['720642463123'], 'ALBUM': ['Live Through This'], 'MUSICBRAINZ_ALBUMARTISTID': ['1dcc8968-f2cd-441c-beda-6270f70f2863'], 'ARTISTSORT': ['Hole'], 'MEDIA': ['CD'], 'LABEL': ['DGC Records'], 'MUSICBRAINZ RELEASE TRACK ID': ['8746424e-7e70-3bc5-9573-524aef42c2c3'], 'COMPOSER': ['Courtney Love/Eric Erlandson/Hole/Kristen Pfaff/Patty Schemel'], 'ORIGINALDATE': ['1994'], 'ALBUMARTISTSORT': ['Hole'], 'DATE': ['1994-04-12'], 'GENRE': ['Alternative rock'], 'MUSICBRAINZ ALBUM TYPE': ['album'], 'TITLE': ['Plump'], 'TRACKNUMBER': ['3/12'], 'MUSICBRAINZ_RELEASEGROUPID': ['fe676d05-f97c-303a-890b-da53c69e5d42'], 'MUSICBRAINZ ALBUM RELEASE COUNTRY': ['US'], 'ARTISTS': ['Hole'], 'MUSICBRAINZ ALBUM STATUS': ['official'], 'ASIN': ['B000003TAY'], 'MUSICBRAINZ_ALBUMID': ['6d2787f1-f584-4a76-8a97-7926e96fd73e'], 'ORIGINALYEAR': ['1994'], 'DISCNUMBER': ['1/1'], 'ACOUSTID_ID': ['4419ab68-5ae3-4590-841a-e21ec5e3682c']}
2018-05-09 19:15:10,113 - album_fetcher - INFO - Found file: 04 - asking for it.mp3 in /media/nas/music/Hole/Live Through This
2018-05-09 19:15:10,219 - album_fetcher - INFO - Song info: {'SCRIPT': ['Latn'], 'MUSICBRAINZ_ARTISTID': ['1dcc8968-f2cd-441c-beda-6270f70f2863'], 'ARTIST': ['Hole'], 'ALBUMARTIST': ['Hole'], 'CATALOGNUMBER': ['DGCD-24631'], 'MUSICBRAINZ_TRACKID': ['3f85c224-bda7-4ebf-82ea-d8e4a948985c'], 'BARCODE': ['720642463123'], 'ALBUM': ['Live Through This'], 'MUSICBRAINZ_ALBUMARTISTID': ['1dcc8968-f2cd-441c-beda-6270f70f2863'], 'ARTISTSORT': ['Hole'], 'MEDIA': ['CD'], 'LABEL': ['DGC Records'], 'MUSICBRAINZ RELEASE TRACK ID': ['13cfb3b0-4c7c-35da-afac-6949b78d92d3'], 'COMPOSER': ['Courtney Love/Eric Erlandson/Hole/Kristen Pfaff/Patty Schemel'], 'ORIGINALDATE': ['1994'], 'ALBUMARTISTSORT': ['Hole'], 'DATE': ['1994-04-12'], 'GENRE': ['Alternative rock'], 'MUSICBRAINZ ALBUM TYPE': ['album'], 'TITLE': ['Asking for It'], 'TRACKNUMBER': ['4/12'], 'MUSICBRAINZ_RELEASEGROUPID': ['fe676d05-f97c-303a-890b-da53c69e5d42'], 'MUSICBRAINZ ALBUM RELEASE COUNTRY': ['US'], 'ARTISTS': ['Hole'], 'MUSICBRAINZ ALBUM STATUS': ['official'], 'ASIN': ['B000003TAY'], 'MUSICBRAINZ_ALBUMID': ['6d2787f1-f584-4a76-8a97-7926e96fd73e'], 'ORIGINALYEAR': ['1994'], 'DISCNUMBER': ['1/1'], 'ACOUSTID_ID': ['a7254034-a936-45b9-9fd4-b3be8655a5d8']}
2018-05-09 19:15:10,220 - album_fetcher - INFO - Found file: 05 - jennifer's body.mp3 in /media/nas/music/Hole/Live Through This
2018-05-09 19:15:10,349 - album_fetcher - INFO - Song info: {'SCRIPT': ['Latn'], 'MUSICBRAINZ_ARTISTID': ['1dcc8968-f2cd-441c-beda-6270f70f2863'], 'ARTIST': ['Hole'], 'ALBUMARTIST': ['Hole'], 'CATALOGNUMBER': ['DGCD-24631'], 'MUSICBRAINZ_TRACKID': ['d1823f31-624c-4291-a1f5-2e4f2ef3ae47'], 'BARCODE': ['720642463123'], 'ALBUM': ['Live Through This'], 'MUSICBRAINZ_ALBUMARTISTID': ['1dcc8968-f2cd-441c-beda-6270f70f2863'], 'ARTISTSORT': ['Hole'], 'MEDIA': ['CD'], 'LABEL': ['DGC Records'], 'MUSICBRAINZ RELEASE TRACK ID': ['aa6c9cef-d5fb-3009-b6be-85dd8091f55b'], 'COMPOSER': ['Courtney Love/Eric Erlandson/Hole/Kristen Pfaff/Patty Schemel'], 'ORIGINALDATE': ['1994'], 'ALBUMARTISTSORT': ['Hole'], 'DATE': ['1994-04-12'], 'GENRE': ['Alternative rock'], 'MUSICBRAINZ ALBUM TYPE': ['album'], 'TITLE': ["Jennifer's Body"], 'TRACKNUMBER': ['5/12'], 'MUSICBRAINZ_RELEASEGROUPID': ['fe676d05-f97c-303a-890b-da53c69e5d42'], 'MUSICBRAINZ ALBUM RELEASE COUNTRY': ['US'], 'ARTISTS': ['Hole'], 'MUSICBRAINZ ALBUM STATUS': ['official'], 'ASIN': ['B000003TAY'], 'MUSICBRAINZ_ALBUMID': ['6d2787f1-f584-4a76-8a97-7926e96fd73e'], 'ORIGINALYEAR': ['1994'], 'DISCNUMBER': ['1/1'], 'ACOUSTID_ID': ['dc237559-54ac-48e6-b61c-636ccd571090']}
2018-05-09 19:15:10,350 - album_fetcher - INFO - Found file: 06 - doll parts.mp3 in /media/nas/music/Hole/Live Through This
2018-05-09 19:15:10,458 - album_fetcher - INFO - Song info: {'SCRIPT': ['Latn'], 'MUSICBRAINZ_ARTISTID': ['1dcc8968-f2cd-441c-beda-6270f70f2863'], 'ARTIST': ['Hole'], 'ALBUMARTIST': ['Hole'], 'CATALOGNUMBER': ['DGCD-24631'], 'MUSICBRAINZ_TRACKID': ['cb14aa6b-2e8c-40ae-ad30-5651e9318996'], 'BARCODE': ['720642463123'], 'ALBUM': ['Live Through This'], 'MUSICBRAINZ_ALBUMARTISTID': ['1dcc8968-f2cd-441c-beda-6270f70f2863'], 'ARTISTSORT': ['Hole'], 'MEDIA': ['CD'], 'LABEL': ['DGC Records'], 'MUSICBRAINZ RELEASE TRACK ID': ['5013802f-8ab1-3063-a19a-aeb872fd0baf'], 'COMPOSER': ['Courtney Love/Eric Erlandson/Hole/Kristen Pfaff/Patty Schemel'], 'ORIGINALDATE': ['1994'], 'ALBUMARTISTSORT': ['Hole'], 'DATE': ['1994-04-12'], 'GENRE': ['Alternative rock'], 'MUSICBRAINZ ALBUM TYPE': ['album'], 'TITLE': ['Doll Parts'], 'TRACKNUMBER': ['6/12'], 'ISRC': ['DED629595801'], 'MUSICBRAINZ_RELEASEGROUPID': ['fe676d05-f97c-303a-890b-da53c69e5d42'], 'MUSICBRAINZ ALBUM RELEASE COUNTRY': ['US'], 'ARTISTS': ['Hole'], 'MUSICBRAINZ ALBUM STATUS': ['official'], 'ASIN': ['B000003TAY'], 'MUSICBRAINZ_ALBUMID': ['6d2787f1-f584-4a76-8a97-7926e96fd73e'], 'ORIGINALYEAR': ['1994'], 'DISCNUMBER': ['1/1'], 'ACOUSTID_ID': ['a4151a5a-0c37-44c3-86de-4ace707b576e']}
2018-05-09 19:15:10,458 - album_fetcher - INFO - Found file: 07 - credit in the straight world.mp3 in /media/nas/music/Hole/Live Through This
2018-05-09 19:15:10,598 - album_fetcher - INFO - Song info: {'SCRIPT': ['Latn'], 'MUSICBRAINZ_ARTISTID': ['1dcc8968-f2cd-441c-beda-6270f70f2863'], 'ARTIST': ['Hole'], 'ALBUMARTIST': ['Hole'], 'CATALOGNUMBER': ['DGCD-24631'], 'MUSICBRAINZ_TRACKID': ['8404153d-b116-4a60-8ecd-2aaf358580f9'], 'BARCODE': ['720642463123'], 'ALBUM': ['Live Through This'], 'MUSICBRAINZ_ALBUMARTISTID': ['1dcc8968-f2cd-441c-beda-6270f70f2863'], 'ARTISTSORT': ['Hole'], 'MEDIA': ['CD'], 'LABEL': ['DGC Records'], 'MUSICBRAINZ RELEASE TRACK ID': ['6d60b7c9-b6ba-3038-95d3-4856e659733c'], 'COMPOSER': ['Stuart Moxham'], 'ORIGINALDATE': ['1994'], 'ALBUMARTISTSORT': ['Hole'], 'DATE': ['1994-04-12'], 'GENRE': ['Alternative rock'], 'MUSICBRAINZ ALBUM TYPE': ['album'], 'TITLE': ['Credit in the Straight World'], 'TRACKNUMBER': ['7/12'], 'MUSICBRAINZ_RELEASEGROUPID': ['fe676d05-f97c-303a-890b-da53c69e5d42'], 'MUSICBRAINZ ALBUM RELEASE COUNTRY': ['US'], 'ARTISTS': ['Hole'], 'MUSICBRAINZ ALBUM STATUS': ['official'], 'ASIN': ['B000003TAY'], 'MUSICBRAINZ_ALBUMID': ['6d2787f1-f584-4a76-8a97-7926e96fd73e'], 'ORIGINALYEAR': ['1994'], 'DISCNUMBER': ['1/1'], 'ACOUSTID_ID': ['62ee2506-f127-4e2f-b68d-d236fb46b17b']}
2018-05-09 19:15:10,598 - album_fetcher - INFO - Found file: 08 - softer, softest.mp3 in /media/nas/music/Hole/Live Through This
2018-05-09 19:15:10,723 - album_fetcher - INFO - Song info: {'SCRIPT': ['Latn'], 'MUSICBRAINZ_ARTISTID': ['1dcc8968-f2cd-441c-beda-6270f70f2863'], 'ARTIST': ['Hole'], 'ALBUMARTIST': ['Hole'], 'CATALOGNUMBER': ['DGCD-24631'], 'MUSICBRAINZ_TRACKID': ['72001482-c42c-497f-97a4-2ced2eb21b90'], 'BARCODE': ['720642463123'], 'ALBUM': ['Live Through This'], 'MUSICBRAINZ_ALBUMARTISTID': ['1dcc8968-f2cd-441c-beda-6270f70f2863'], 'ARTISTSORT': ['Hole'], 'MEDIA': ['CD'], 'LABEL': ['DGC Records'], 'MUSICBRAINZ RELEASE TRACK ID': ['c8a485ba-7b10-30e5-a9f6-7e4042da232d'], 'COMPOSER': ['Courtney Love/Eric Erlandson/Hole/Kristen Pfaff/Patty Schemel'], 'ORIGINALDATE': ['1994'], 'ALBUMARTISTSORT': ['Hole'], 'DATE': ['1994-04-12'], 'GENRE': ['Alternative rock'], 'MUSICBRAINZ ALBUM TYPE': ['album'], 'TITLE': ['Softer, Softest'], 'TRACKNUMBER': ['8/12'], 'MUSICBRAINZ_RELEASEGROUPID': ['fe676d05-f97c-303a-890b-da53c69e5d42'], 'MUSICBRAINZ ALBUM RELEASE COUNTRY': ['US'], 'ARTISTS': ['Hole'], 'MUSICBRAINZ ALBUM STATUS': ['official'], 'ASIN': ['B000003TAY'], 'MUSICBRAINZ_ALBUMID': ['6d2787f1-f584-4a76-8a97-7926e96fd73e'], 'ORIGINALYEAR': ['1994'], 'DISCNUMBER': ['1/1'], 'ACOUSTID_ID': ['eda2ed11-92ee-486f-b719-030216fa3ac6']}
2018-05-09 19:15:10,723 - album_fetcher - INFO - Found file: 09 - she walks on me.mp3 in /media/nas/music/Hole/Live Through This
2018-05-09 19:15:10,823 - album_fetcher - INFO - Song info: {'SCRIPT': ['Latn'], 'MUSICBRAINZ_ARTISTID': ['1dcc8968-f2cd-441c-beda-6270f70f2863'], 'ARTIST': ['Hole'], 'ALBUMARTIST': ['Hole'], 'CATALOGNUMBER': ['DGCD-24631'], 'MUSICBRAINZ_TRACKID': ['e6dad192-1bc2-4d6c-97d7-dc6e994a0a09'], 'BARCODE': ['720642463123'], 'ALBUM': ['Live Through This'], 'MUSICBRAINZ_ALBUMARTISTID': ['1dcc8968-f2cd-441c-beda-6270f70f2863'], 'ARTISTSORT': ['Hole'], 'MEDIA': ['CD'], 'LABEL': ['DGC Records'], 'MUSICBRAINZ RELEASE TRACK ID': ['ee3ecb21-ea22-38a7-9c74-9341957a0d52'], 'COMPOSER': ['Courtney Love/Eric Erlandson/Hole/Kristen Pfaff/Patty Schemel'], 'ORIGINALDATE': ['1994'], 'ALBUMARTISTSORT': ['Hole'], 'DATE': ['1994-04-12'], 'GENRE': ['Alternative rock'], 'MUSICBRAINZ ALBUM TYPE': ['album'], 'TITLE': ['She Walks on Me'], 'TRACKNUMBER': ['9/12'], 'MUSICBRAINZ_RELEASEGROUPID': ['fe676d05-f97c-303a-890b-da53c69e5d42'], 'MUSICBRAINZ ALBUM RELEASE COUNTRY': ['US'], 'ARTISTS': ['Hole'], 'MUSICBRAINZ ALBUM STATUS': ['official'], 'ASIN': ['B000003TAY'], 'MUSICBRAINZ_ALBUMID': ['6d2787f1-f584-4a76-8a97-7926e96fd73e'], 'ORIGINALYEAR': ['1994'], 'DISCNUMBER': ['1/1'], 'ACOUSTID_ID': ['3ae11a40-b18d-4218-bb34-093e664edffe']}
2018-05-09 19:15:10,824 - album_fetcher - INFO - Found file: 10 - i think that i would die.mp3 in /media/nas/music/Hole/Live Through This
2018-05-09 19:15:10,926 - album_fetcher - INFO - Song info: {'SCRIPT': ['Latn'], 'MUSICBRAINZ_ARTISTID': ['1dcc8968-f2cd-441c-beda-6270f70f2863'], 'ARTIST': ['Hole'], 'ALBUMARTIST': ['Hole'], 'CATALOGNUMBER': ['DGCD-24631'], 'MUSICBRAINZ_TRACKID': ['ef92e5ac-c14a-4141-8cac-6788f18e6447'], 'BARCODE': ['720642463123'], 'ALBUM': ['Live Through This'], 'MUSICBRAINZ_ALBUMARTISTID': ['1dcc8968-f2cd-441c-beda-6270f70f2863'], 'ARTISTSORT': ['Hole'], 'MEDIA': ['CD'], 'LABEL': ['DGC Records'], 'MUSICBRAINZ RELEASE TRACK ID': ['65219589-a5ee-3e7d-920f-694648f9399d'], 'COMPOSER': ['Courtney Love/Eric Erlandson/Hole/K. Bjelland/Kat Bjelland/Kristen Pfaff/Patty Schemel'], 'ORIGINALDATE': ['1994'], 'ALBUMARTISTSORT': ['Hole'], 'DATE': ['1994-04-12'], 'GENRE': ['Alternative rock'], 'MUSICBRAINZ ALBUM TYPE': ['album'], 'TITLE': ['I Think That I Would Die'], 'TRACKNUMBER': ['10/12'], 'MUSICBRAINZ_RELEASEGROUPID': ['fe676d05-f97c-303a-890b-da53c69e5d42'], 'MUSICBRAINZ ALBUM RELEASE COUNTRY': ['US'], 'ARTISTS': ['Hole'], 'MUSICBRAINZ ALBUM STATUS': ['official'], 'ASIN': ['B000003TAY'], 'MUSICBRAINZ_ALBUMID': ['6d2787f1-f584-4a76-8a97-7926e96fd73e'], 'ORIGINALYEAR': ['1994'], 'DISCNUMBER': ['1/1'], 'ACOUSTID_ID': ['0fb10afb-d75c-4f15-b92f-440e5ec8e8d0']}
2018-05-09 19:15:10,926 - album_fetcher - INFO - Found file: 11 - gutless.mp3 in /media/nas/music/Hole/Live Through This
2018-05-09 19:15:11,066 - album_fetcher - INFO - Song info: {'SCRIPT': ['Latn'], 'MUSICBRAINZ_ARTISTID': ['1dcc8968-f2cd-441c-beda-6270f70f2863'], 'ARTIST': ['Hole'], 'ALBUMARTIST': ['Hole'], 'CATALOGNUMBER': ['DGCD-24631'], 'MUSICBRAINZ_TRACKID': ['6f13d1c4-e56f-4edb-94cc-c5cc3798443f'], 'BARCODE': ['720642463123'], 'ALBUM': ['Live Through This'], 'MUSICBRAINZ_ALBUMARTISTID': ['1dcc8968-f2cd-441c-beda-6270f70f2863'], 'ARTISTSORT': ['Hole'], 'MEDIA': ['CD'], 'LABEL': ['DGC Records'], 'MUSICBRAINZ RELEASE TRACK ID': ['3a38fc6e-7755-3ffa-b558-f0bc62fddbbd'], 'COMPOSER': ['Courtney Love/Eric Erlandson/Hole/Kristen Pfaff/Patty Schemel'], 'ORIGINALDATE': ['1994'], 'ALBUMARTISTSORT': ['Hole'], 'DATE': ['1994-04-12'], 'GENRE': ['Alternative rock'], 'MUSICBRAINZ ALBUM TYPE': ['album'], 'TITLE': ['Gutless'], 'TRACKNUMBER': ['11/12'], 'MUSICBRAINZ_RELEASEGROUPID': ['fe676d05-f97c-303a-890b-da53c69e5d42'], 'MUSICBRAINZ ALBUM RELEASE COUNTRY': ['US'], 'ARTISTS': ['Hole'], 'MUSICBRAINZ ALBUM STATUS': ['official'], 'ASIN': ['B000003TAY'], 'MUSICBRAINZ_ALBUMID': ['6d2787f1-f584-4a76-8a97-7926e96fd73e'], 'ORIGINALYEAR': ['1994'], 'DISCNUMBER': ['1/1'], 'ACOUSTID_ID': ['f6aac364-1f12-488a-b898-59c1c56f8fd6']}
2018-05-09 19:15:11,067 - album_fetcher - INFO - Found file: 12 - rock star.mp3 in /media/nas/music/Hole/Live Through This
2018-05-09 19:15:11,161 - album_fetcher - INFO - Song info: {'SCRIPT': ['Latn'], 'MUSICBRAINZ_ARTISTID': ['1dcc8968-f2cd-441c-beda-6270f70f2863'], 'ARTIST': ['Hole'], 'ALBUMARTIST': ['Hole'], 'CATALOGNUMBER': ['DGCD-24631'], 'MUSICBRAINZ_TRACKID': ['b3d819b3-b433-4379-9e5c-46baec9c0d81'], 'BARCODE': ['720642463123'], 'ALBUM': ['Live Through This'], 'MUSICBRAINZ_ALBUMARTISTID': ['1dcc8968-f2cd-441c-beda-6270f70f2863'], 'ARTISTSORT': ['Hole'], 'MEDIA': ['CD'], 'LABEL': ['DGC Records'], 'MUSICBRAINZ RELEASE TRACK ID': ['8ada7327-0ef2-3839-9961-5a5ed70f1499'], 'COMPOSER': ['Courtney Love/Eric Erlandson/Hole/Kristen Pfaff/Patty Schemel'], 'ORIGINALDATE': ['1994'], 'ALBUMARTISTSORT': ['Hole'], 'DATE': ['1994-04-12'], 'GENRE': ['Alternative rock'], 'MUSICBRAINZ ALBUM TYPE': ['album'], 'TITLE': ['Olympia'], 'TRACKNUMBER': ['12/12'], 'MUSICBRAINZ_RELEASEGROUPID': ['fe676d05-f97c-303a-890b-da53c69e5d42'], 'MUSICBRAINZ ALBUM RELEASE COUNTRY': ['US'], 'ARTISTS': ['Hole'], 'MUSICBRAINZ ALBUM STATUS': ['official'], 'ASIN': ['B000003TAY'], 'MUSICBRAINZ_ALBUMID': ['6d2787f1-f584-4a76-8a97-7926e96fd73e'], 'ORIGINALYEAR': ['1994'], 'DISCNUMBER': ['1/1'], 'ACOUSTID_ID': ['c7db9957-31cb-405b-a227-f66fa2c0ffca']}
